=/pretest.json
{
  _: [],
  f: [
    '/home/runner/work/exp-red-black-tree-iiith/exp-red-black-tree-iiith/experiment/pretest.json'
  ],
  files: [
    '/home/runner/work/exp-red-black-tree-iiith/exp-red-black-tree-iiith/experiment/pretest.json'
  ],
  c: 'assessment',
  contentTypes: 'assessment',
  'content-types': 'assessment',
  '$0': 'validate'
}
Validated true
=/red-black-tree/basics-of-structure-and-properties-quiz.json
{
  _: [],
  f: [
    '/home/runner/work/exp-red-black-tree-iiith/exp-red-black-tree-iiith/experiment/red-black-tree/basics-of-structure-and-properties-quiz.json'
  ],
  files: [
    '/home/runner/work/exp-red-black-tree-iiith/exp-red-black-tree-iiith/experiment/red-black-tree/basics-of-structure-and-properties-quiz.json'
  ],
  c: 'assessment',
  contentTypes: 'assessment',
  'content-types': 'assessment',
  '$0': 'validate'
}
Validated true
=/red-black-tree-oprations/red-black-tree-operations-quiz.json
{
  _: [],
  f: [
    '/home/runner/work/exp-red-black-tree-iiith/exp-red-black-tree-iiith/experiment/red-black-tree-oprations/red-black-tree-operations-quiz.json'
  ],
  files: [
    '/home/runner/work/exp-red-black-tree-iiith/exp-red-black-tree-iiith/experiment/red-black-tree-oprations/red-black-tree-operations-quiz.json'
  ],
  c: 'assessment',
  contentTypes: 'assessment',
  'content-types': 'assessment',
  '$0': 'validate'
}
Validated true
=/posttest.json
{
  _: [],
  f: [
    '/home/runner/work/exp-red-black-tree-iiith/exp-red-black-tree-iiith/experiment/posttest.json'
  ],
  files: [
    '/home/runner/work/exp-red-black-tree-iiith/exp-red-black-tree-iiith/experiment/posttest.json'
  ],
  c: 'assessment',
  contentTypes: 'assessment',
  'content-types': 'assessment',
  '$0': 'validate'
}
Validated true
