feedback.html     http://outreach.vlabs.ac.in/
further-reading-and-references.html     http://outreach.vlabs.ac.in/
index.html     http://outreach.vlabs.ac.in/
overview.html     http://outreach.vlabs.ac.in/
performance-report.html     http://vlab.co.in
posttest.html     http://outreach.vlabs.ac.in/
pretest.html     http://outreach.vlabs.ac.in/
validator-report.html     http://vlab.co.in
red-black-tree/basics-of-structure-and-properties-quiz.html     http://outreach.vlabs.ac.in/
red-black-tree/index.html     http://outreach.vlabs.ac.in/
red-black-tree/red-black-basics.html     http://outreach.vlabs.ac.in/
red-black-tree/structure-and-properties.html     http://outreach.vlabs.ac.in/
red-black-tree-oprations/deletion.html     http://outreach.vlabs.ac.in/
red-black-tree-oprations/index.html     http://outreach.vlabs.ac.in/
red-black-tree-oprations/insertion.html     http://outreach.vlabs.ac.in/
red-black-tree-oprations/red-black-tree-operations-quiz.html     http://outreach.vlabs.ac.in/
red-black-tree-oprations/rotation.html     http://outreach.vlabs.ac.in/
red-black-tree-oprations/search.html     http://outreach.vlabs.ac.in/
red-black-tree-oprations/simulation/docs/index.html     http://10.4.12.203/dfs/exp.html%20
red-black-tree-oprations/simulation/docs/index.html     http://validator.w3.org/check?uri=referer
red-black-tree-oprations/simulation/docs/sitemap.html     http://validator.w3.org/check?uri=referer
red-black-tree-oprations/simulation/docs/org-templates/level-0.html     http://validator.w3.org/check?uri=referer
red-black-tree-oprations/simulation/docs/org-templates/level-1.html     http://validator.w3.org/check?uri=referer
red-black-tree-oprations/simulation/docs/org-templates/level-2.html     http://validator.w3.org/check?uri=referer
red-black-tree-oprations/simulation/docs/org-templates/level-3.html     http://validator.w3.org/check?uri=referer
red-black-tree-oprations/simulation/docs/org-templates/level-4.html     http://validator.w3.org/check?uri=referer
red-black-tree-oprations/simulation/docs/org-templates/level-5.html     http://validator.w3.org/check?uri=referer
red-black-tree-oprations/simulation/docs/org-templates/tex-macros.html     http://validator.w3.org/check?uri=referer
red-black-tree-oprations/simulation/docs/runtime/css/jquery-ui-1.8.11.custom.html     http://jqueryui.com/about
red-black-tree-oprations/simulation/docs/runtime/css/jquery-ui-1.8.11.custom.html     http://jquery.org/license
red-black-tree-oprations/simulation/docs/runtime/css/jquery-ui-1.8.11.custom.html     http://docs.jquery.com/UI/Theming/API
red-black-tree-oprations/simulation/docs/runtime/css/jquery-ui-1.8.11.custom.html     http://jqueryui.com/about
red-black-tree-oprations/simulation/docs/runtime/css/jquery-ui-1.8.11.custom.html     http://jquery.org/license
red-black-tree-oprations/simulation/docs/runtime/css/jquery-ui-1.8.11.custom.html     http://docs.jquery.com/UI/Theming/API
red-black-tree-oprations/simulation/docs/runtime/css/jquery-ui-1.8.11.custom.html     http://jqueryui.com/themeroller/?ffDefault=Trebuchet%20MS,%20Tahoma,%20Verdana,%20Arial,%20sans-serif&fwDefault=bold&fsDefault=1.1em&cornerRadius=4px&bgColorHeader=f6a828&bgTextureHeader=12_gloss_wave.png&bgImgOpacityHeader=35&borderColorHeader=e78f08&fcHeader=ffffff&iconColorHeader=ffffff&bgColorContent=eeeeee&bgTextureContent=03_highlight_soft.png&bgImgOpacityContent=100&borderColorContent=dddddd&fcContent=333333&iconColorContent=222222&bgColorDefault=f6f6f6&bgTextureDefault=02_glass.png&bgImgOpacityDefault=100&borderColorDefault=cccccc&fcDefault=1c94c4&iconColorDefault=ef8c08&bgColorHover=fdf5ce&bgTextureHover=02_glass.png&bgImgOpacityHover=100&borderColorHover=fbcb09&fcHover=c77405&iconColorHover=ef8c08&bgColorActive=ffffff&bgTextureActive=02_glass.png&bgImgOpacityActive=65&borderColorActive=fbd850&fcActive=eb8f00&iconColorActive=ef8c08&bgColorHighlight=ffe45c&bgTextureHighlight=03_highlight_soft.png&bgImgOpacityHighlight=75&borderColorHighlight=fed22f&fcHighlight=363636&iconColorHighlight=228ef1&bgColorError=b81900&bgTextureError=08_diagonals_thick.png&bgImgOpacityError=18&borderColorError=cd0a0a&fcError=ffffff&iconColorError=ffd27a&bgColorOverlay=666666&bgTextureOverlay=08_diagonals_thick.png&bgImgOpacityOverlay=20&opacityOverlay=50&bgColorShadow=000000&bgTextureShadow=01_flat.png&bgImgOpacityShadow=10&opacityShadow=20&thicknessShadow=5px&offsetTopShadow=-5px&offsetLeftShadow=-5px&cornerRadiusShadow=5px
red-black-tree-oprations/simulation/docs/runtime/css/jquery-ui-1.8.11.custom.html     http://jqueryui.com/about
red-black-tree-oprations/simulation/docs/runtime/css/jquery-ui-1.8.11.custom.html     http://jquery.org/license
red-black-tree-oprations/simulation/docs/runtime/css/jquery-ui-1.8.11.custom.html     http://docs.jquery.com/UI/Slider#theming
red-black-tree-oprations/simulation/docs/runtime/css/jquery-ui-1.8.11.custom.html     http://validator.w3.org/check?uri=referer
red-black-tree-oprations/simulation/docs/runtime/css/style.html     http://validator.w3.org/check?uri=referer
red-black-tree-oprations/simulation/docs/runtime/html/RedBlack.html     http://validator.w3.org/check?uri=referer
red-black-tree-oprations/simulation/docs/runtime/html/redblackexercise.html     http://validator.w3.org/check?uri=referer
red-black-tree-oprations/simulation/docs/runtime/html/redblackpractice.html     http://validator.w3.org/check?uri=referer
red-black-tree-oprations/simulation/docs/runtime/js/RedBlack.html     http://validator.w3.org/check?uri=referer
red-black-tree-oprations/simulation/docs/runtime/js/RedBlackExercise.html     http://validator.w3.org/check?uri=referer
red-black-tree-oprations/simulation/docs/runtime/js/RedBlackPractice.html     http://validator.w3.org/check?uri=referer
red-black-tree-oprations/simulation/docs/runtime/js/realization-catalog.html     http://validator.w3.org/check?uri=referer
red-black-tree-oprations/simulation/docs/runtime/js/lib/Algorithm.html     http://validator.w3.org/check?uri=referer
red-black-tree-oprations/simulation/docs/runtime/js/lib/AnimatedCircle.html     http://validator.w3.org/check?uri=referer
red-black-tree-oprations/simulation/docs/runtime/js/lib/AnimatedLabel.html     http://validator.w3.org/check?uri=referer
red-black-tree-oprations/simulation/docs/runtime/js/lib/AnimatedObject.html     http://validator.w3.org/check?uri=referer
red-black-tree-oprations/simulation/docs/runtime/js/lib/AnimationMain.html     http://validator.w3.org/check?uri=referer
red-black-tree-oprations/simulation/docs/runtime/js/lib/CustomEvents.html     http://validator.w3.org/check?uri=referer
red-black-tree-oprations/simulation/docs/runtime/js/lib/HighlightCircle.html     http://validator.w3.org/check?uri=referer
red-black-tree-oprations/simulation/docs/runtime/js/lib/Line.html     http://validator.w3.org/check?uri=referer
red-black-tree-oprations/simulation/docs/runtime/js/lib/ObjectManager.html     http://validator.w3.org/check?uri=referer
red-black-tree-oprations/simulation/docs/runtime/js/lib/UndoFunctions.html     http://validator.w3.org/check?uri=referer
